WARNING:root:PermissionError opening E:\$RECYCLE.BIN\S-1-5-21-2390628722-3320262506-3063114281-1020	 16:52:14 	 23/11/2020
WARNING:root:PermissionError opening E:\System Volume Information	 16:52:14 	 23/11/2020
ERROR:root:Try to Set File to Search using SearchEngine.setFileName(nameFile)	 17:2:46 	 23/11/2020
ERROR:root:Try to Set File to Search using SearchEngine.setFileName(nameFile)	 17:4:10 	 23/11/2020
ERROR:root:invalid level:asd	Use myLogger.Level enum to set valid level	 17:10:4 	 23/11/2020
ERROR:root:invalid level:asd	Use myLogger.Level enum to set valid level	 17:10:4 	 23/11/2020
ERROR:root:invalid level:asd	Use myLogger.Level enum to set valid level	 17:10:4 	 23/11/2020
ERROR:root:invalid level:asd	Use myLogger.Level enum to set valid level	 17:10:4 	 23/11/2020
ERROR:root:invalid level:asd	Use myLogger.Level enum to set valid level	 17:11:24 	 23/11/2020
ERROR:root:invalid level:asd	Use myLogger.Level enum to set valid level	 17:11:24 	 23/11/2020
ERROR:root:invalid level:asd	Use myLogger.Level enum to set valid level	 17:11:24 	 23/11/2020
ERROR:root:invalid level:asd	Use myLogger.Level enum to set valid level	 17:11:24 	 23/11/2020
ERROR:root:PermissionError opening E:\$RECYCLE.BIN\S-1-5-21-2390628722-3320262506-3063114281-1020	 17:12:28 	 23/11/2020
ERROR:root:PermissionError opening E:\System Volume Information	 17:12:28 	 23/11/2020
ERROR:root:Path not found:Easd:\	 17:14:57 	 23/11/2020
ERROR:root:Path not found:Easd:\	 17:14:57 	 23/11/2020
ERROR:root:PermissionError opening E:\$RECYCLE.BIN\S-1-5-21-2390628722-3320262506-3063114281-1020	 17:17:58 	 23/11/2020
ERROR:root:PermissionError opening E:\System Volume Information	 17:17:58 	 23/11/2020
WARNING:root:PermissionError opening E:\$RECYCLE.BIN\S-1-5-21-2390628722-3320262506-3063114281-1020	 17:18:58 	 23/11/2020
WARNING:root:PermissionError opening E:\System Volume Information	 17:18:58 	 23/11/2020
WARNING:root:PermissionError opening E:\$RECYCLE.BIN\S-1-5-21-2390628722-3320262506-3063114281-1020	 17:22:9 	 23/11/2020
WARNING:root:PermissionError opening E:\System Volume Information	 17:22:9 	 23/11/2020
WARNING:root:PermissionError opening E:\$RECYCLE.BIN\S-1-5-21-2390628722-3320262506-3063114281-1020	 17:22:48 	 23/11/2020
WARNING:root:PermissionError opening E:\System Volume Information	 17:22:48 	 23/11/2020
WARNING:root:PermissionError opening E:\$RECYCLE.BIN\S-1-5-21-2390628722-3320262506-3063114281-1020	 18:12:18 	 23/11/2020
WARNING:root:PermissionError opening E:\System Volume Information	 18:12:18 	 23/11/2020
WARNING:root:PermissionError opening E:\$RECYCLE.BIN\S-1-5-21-2390628722-3320262506-3063114281-1020	 18:14:52 	 23/11/2020
WARNING:root:PermissionError opening E:\System Volume Information	 18:14:52 	 23/11/2020
WARNING:root:PermissionError opening E:\$RECYCLE.BIN\S-1-5-21-2390628722-3320262506-3063114281-1020	 18:32:50 	 23/11/2020
WARNING:root:PermissionError opening E:\System Volume Information	 18:32:50 	 23/11/2020
WARNING:root:PermissionError opening E:\$RECYCLE.BIN\S-1-5-21-2390628722-3320262506-3063114281-1020	 18:40:12 	 23/11/2020
WARNING:root:PermissionError opening E:\System Volume Information	 18:40:12 	 23/11/2020
WARNING:root:PermissionError opening E:\$RECYCLE.BIN\S-1-5-21-2390628722-3320262506-3063114281-1020	 19:9:52 	 23/11/2020
WARNING:root:PermissionError opening E:\System Volume Information	 19:9:52 	 23/11/2020
WARNING:root:PermissionError opening E:\$RECYCLE.BIN\S-1-5-21-2390628722-3320262506-3063114281-1020	 19:11:33 	 23/11/2020
WARNING:root:PermissionError opening E:\System Volume Information	 19:11:33 	 23/11/2020
WARNING:root:PermissionError opening E:\$RECYCLE.BIN\S-1-5-21-2390628722-3320262506-3063114281-1020	 19:27:53 	 23/11/2020
WARNING:root:PermissionError opening E:\System Volume Information	 19:27:54 	 23/11/2020
WARNING:root:PermissionError opening E:\$RECYCLE.BIN\S-1-5-21-2390628722-3320262506-3063114281-1020	 19:42:20 	 23/11/2020
WARNING:root:PermissionError opening E:\System Volume Information	 19:42:20 	 23/11/2020
WARNING:root:PermissionError opening E:\$RECYCLE.BIN\S-1-5-21-2390628722-3320262506-3063114281-1020	 19:45:27 	 23/11/2020
WARNING:root:PermissionError opening E:\System Volume Information	 19:45:27 	 23/11/2020
WARNING:root:PermissionError opening E:\$RECYCLE.BIN\S-1-5-21-2390628722-3320262506-3063114281-1020	 19:46:45 	 23/11/2020
WARNING:root:PermissionError opening E:\System Volume Information	 19:46:45 	 23/11/2020
WARNING:root:PermissionError opening E:\$RECYCLE.BIN\S-1-5-21-2390628722-3320262506-3063114281-1020	 19:50:19 	 23/11/2020
WARNING:root:PermissionError opening E:\System Volume Information	 19:50:19 	 23/11/2020
WARNING:root:PermissionError opening E:\$RECYCLE.BIN\S-1-5-21-2390628722-3320262506-3063114281-1020	 19:55:35 	 23/11/2020
WARNING:root:PermissionError opening E:\System Volume Information	 19:55:35 	 23/11/2020
INFO:root:SearchEngine Table updated with file:	 19:56:3 	 23/11/2020
WARNING:root:PermissionError opening E:\$RECYCLE.BIN\S-1-5-21-2390628722-3320262506-3063114281-1020	 19:57:9 	 23/11/2020
WARNING:root:PermissionError opening E:\System Volume Information	 19:57:9 	 23/11/2020
INFO:root:SearchEngine Table updated with file:Vaibhav Shrivastava Bank Passbook	 19:57:37 	 23/11/2020
ERROR:root:File Not found:Vaibhav Shrivastava Bank Passbook	 23:45:49 	 23/11/2020
ERROR:root:File Not found:Vaibhav Shrivastava Bank Passbook	 23:45:49 	 23/11/2020
INFO:root:SearchEngine Table updated with file:Vaibhav Shrivastava Bank Passbook	 23:47:8 	 23/11/2020
INFO:root:SearchEngine Table updated with file:Vaibhav Shrivastava Bank Passbook	 23:50:10 	 23/11/2020
WARNING:root:PermissionError opening E:\$RECYCLE.BIN\S-1-5-21-2390628722-3320262506-3063114281-1020	 23:53:59 	 23/11/2020
WARNING:root:PermissionError opening E:\System Volume Information	 23:53:59 	 23/11/2020
WARNING:root:PermissionError opening E:\$RECYCLE.BIN\S-1-5-21-2390628722-3320262506-3063114281-1020	 23:54:8 	 23/11/2020
WARNING:root:PermissionError opening E:\System Volume Information	 23:54:8 	 23/11/2020
INFO:root:SearchEngine Table updated with file:Vaibhav Shrivastava Bank Passbook	 23:54:54 	 23/11/2020
INFO:root:SearchEngine Table updated with file:Vaibhav Shrivastava Bank Passbook	 23:55:38 	 23/11/2020
WARNING:root:PermissionError opening E:\$RECYCLE.BIN\S-1-5-21-2390628722-3320262506-3063114281-1020	 0:3:1 	 24/11/2020
WARNING:root:PermissionError opening E:\System Volume Information	 0:3:1 	 24/11/2020
WARNING:root:PermissionError opening E:\$RECYCLE.BIN\S-1-5-21-2390628722-3320262506-3063114281-1020	 0:18:56 	 24/11/2020
WARNING:root:PermissionError opening E:\System Volume Information	 0:18:56 	 24/11/2020
WARNING:root:PermissionError opening E:\$RECYCLE.BIN\S-1-5-21-2390628722-3320262506-3063114281-1020	 0:23:55 	 24/11/2020
WARNING:root:PermissionError opening E:\System Volume Information	 0:23:55 	 24/11/2020
INFO:root:SearchEngine Table updated with file:Vaibhav Shrivastava Bank Passbook	 0:24:26 	 24/11/2020
INFO:root:SearchEngine Table updated with file:Vaibhav Shrivastava Bank Passbook	 0:26:11 	 24/11/2020
INFO:root:SearchEngine Table updated with file:Vaibhav Shrivastava Bank Passbook	 0:29:49 	 24/11/2020
WARNING:root:PermissionError opening E:\$RECYCLE.BIN\S-1-5-21-2390628722-3320262506-3063114281-1020	 0:30:25 	 24/11/2020
WARNING:root:PermissionError opening E:\System Volume Information	 0:30:25 	 24/11/2020
INFO:root:SearchEngine Table updated with file:Vaibhav Shrivastava Bank Passbook	 0:30:56 	 24/11/2020
WARNING:root:PermissionError opening E:\$RECYCLE.BIN\S-1-5-21-2390628722-3320262506-3063114281-1020	 1:30:9 	 24/11/2020
WARNING:root:PermissionError opening E:\System Volume Information	 1:30:9 	 24/11/2020
WARNING:root:PermissionError opening E:\$RECYCLE.BIN\S-1-5-21-2390628722-3320262506-3063114281-1020	 1:44:19 	 24/11/2020
WARNING:root:PermissionError opening E:\System Volume Information	 1:44:19 	 24/11/2020
WARNING:root:PermissionError opening E:\$RECYCLE.BIN\S-1-5-21-2390628722-3320262506-3063114281-1020	 2:0:44 	 24/11/2020
WARNING:root:PermissionError opening E:\System Volume Information	 2:0:44 	 24/11/2020
WARNING:root:PermissionError opening E:\$RECYCLE.BIN\S-1-5-21-2390628722-3320262506-3063114281-1020	 2:2:59 	 24/11/2020
WARNING:root:PermissionError opening E:\System Volume Information	 2:2:59 	 24/11/2020
WARNING:root:PermissionError opening E:\$RECYCLE.BIN\S-1-5-21-2390628722-3320262506-3063114281-1020	 2:3:40 	 24/11/2020
WARNING:root:PermissionError opening E:\System Volume Information	 2:3:40 	 24/11/2020
WARNING:root:PermissionError opening E:\$RECYCLE.BIN\S-1-5-21-2390628722-3320262506-3063114281-1020	 2:9:18 	 24/11/2020
WARNING:root:PermissionError opening E:\System Volume Information	 2:9:18 	 24/11/2020
WARNING:root:PermissionError opening E:\$RECYCLE.BIN\S-1-5-21-2390628722-3320262506-3063114281-1020	 2:10:7 	 24/11/2020
WARNING:root:PermissionError opening E:\System Volume Information	 2:10:7 	 24/11/2020
WARNING:root:PermissionError opening E:\$RECYCLE.BIN\S-1-5-21-2390628722-3320262506-3063114281-1020	 2:11:26 	 24/11/2020
WARNING:root:PermissionError opening E:\System Volume Information	 2:11:26 	 24/11/2020
INFO:root:SearchEngine Table updated with file:Vaibhav Shrivastava Bank Passbook	 2:15:23 	 24/11/2020
WARNING:root:PermissionError opening E:\$RECYCLE.BIN\S-1-5-21-2390628722-3320262506-3063114281-1020	 2:15:40 	 24/11/2020
WARNING:root:PermissionError opening E:\System Volume Information	 2:15:40 	 24/11/2020
INFO:root:SearchEngine Table updated with file:Vaibhav Shrivastava Bank Passbook	 2:16:19 	 24/11/2020
WARNING:root:PermissionError opening E:\$RECYCLE.BIN\S-1-5-21-2390628722-3320262506-3063114281-1020	 2:17:40 	 24/11/2020
WARNING:root:PermissionError opening E:\System Volume Information	 2:17:40 	 24/11/2020
INFO:root:SearchEngine Table updated with file:Overwatch Launcher	 2:18:7 	 24/11/2020
WARNING:root:PermissionError opening E:\$RECYCLE.BIN\S-1-5-21-2390628722-3320262506-3063114281-1020	 2:46:4 	 24/11/2020
WARNING:root:PermissionError opening E:\System Volume Information	 2:46:4 	 24/11/2020
WARNING:root:PermissionError opening E:\$RECYCLE.BIN\S-1-5-21-2390628722-3320262506-3063114281-1020	 2:47:7 	 24/11/2020
WARNING:root:PermissionError opening E:\System Volume Information	 2:47:7 	 24/11/2020
WARNING:root:PermissionError opening E:\$RECYCLE.BIN\S-1-5-21-2390628722-3320262506-3063114281-1020	 2:47:22 	 24/11/2020
WARNING:root:PermissionError opening E:\System Volume Information	 2:47:22 	 24/11/2020
WARNING:root:PermissionError opening E:\$RECYCLE.BIN\S-1-5-21-2390628722-3320262506-3063114281-1020	 2:51:0 	 24/11/2020
WARNING:root:PermissionError opening E:\System Volume Information	 2:51:0 	 24/11/2020
INFO:root:SearchEngine Table updated with file:Vaibhav Shrivastava Bank Passbook	 2:51:26 	 24/11/2020
